2019-05-15 09:49:05,790 ERROR [Worker-7: Decoration Calculation] - Statistics - Statistics file `C:\Users\s77265\.scalaide\statistics` is corrupted. A new one is being created. Corrupted content was:

com.cedarsoftware.util.io.JsonIoException: error parsing JSON value
	at com.cedarsoftware.util.io.JsonReader.readObject(JsonReader.java:529)
	at com.cedarsoftware.util.io.JsonReader.jsonToJava(JsonReader.java:289)
	at com.cedarsoftware.util.io.JsonReader.jsonToJava(JsonReader.java:262)
	at org.scalaide.core.internal.statistics.Statistics.org$scalaide$core$internal$statistics$Statistics$$read(Statistics.scala:74)
	at org.scalaide.core.internal.statistics.Statistics$$anonfun$readStats$1.apply(Statistics.scala:52)
	at org.scalaide.core.internal.statistics.Statistics$$anonfun$readStats$1.apply(Statistics.scala:51)
	at org.scalaide.core.ScalaIdeDataStore$$anonfun$validate$2.apply(ScalaIdeDataStore.scala:59)
	at org.scalaide.util.eclipse.EclipseUtils$$anon$3.run(EclipseUtils.scala:214)
	at org.eclipse.core.runtime.SafeRunner.run(SafeRunner.java:42)
	at org.scalaide.util.eclipse.EclipseUtils$.withSafeRunner(EclipseUtils.scala:210)
	at org.scalaide.core.ScalaIdeDataStore$.validate(ScalaIdeDataStore.scala:58)
	at org.scalaide.core.internal.statistics.Statistics.readStats(Statistics.scala:51)
	at org.scalaide.core.internal.statistics.Statistics.<init>(Statistics.scala:30)
	at org.scalaide.core.internal.ScalaPlugin.stats$lzycompute(ScalaPlugin.scala:135)
	at org.scalaide.core.internal.ScalaPlugin.stats(ScalaPlugin.scala:135)
	at org.scalaide.core.internal.ScalaPlugin.statistics(ScalaPlugin.scala:138)
	at org.scalaide.core.internal.ScalaPlugin.start(ScalaPlugin.scala:109)
	at org.eclipse.osgi.internal.framework.BundleContextImpl$3.run(BundleContextImpl.java:779)
	at org.eclipse.osgi.internal.framework.BundleContextImpl$3.run(BundleContextImpl.java:1)
	at java.security.AccessController.doPrivileged(Native Method)
	at org.eclipse.osgi.internal.framework.BundleContextImpl.startActivator(BundleContextImpl.java:772)
	at org.eclipse.osgi.internal.framework.BundleContextImpl.start(BundleContextImpl.java:729)
	at org.eclipse.osgi.internal.framework.EquinoxBundle.startWorker0(EquinoxBundle.java:1002)
	at org.eclipse.osgi.internal.framework.EquinoxBundle$EquinoxModule.startWorker(EquinoxBundle.java:354)
	at org.eclipse.osgi.container.Module.doStart(Module.java:581)
	at org.eclipse.osgi.container.Module.start(Module.java:449)
	at org.eclipse.osgi.framework.util.SecureAction.start(SecureAction.java:468)
	at org.eclipse.osgi.internal.hooks.EclipseLazyStarter.postFindLocalClass(EclipseLazyStarter.java:114)
	at org.eclipse.osgi.internal.loader.classpath.ClasspathManager.findLocalClass(ClasspathManager.java:505)
	at org.eclipse.osgi.internal.loader.ModuleClassLoader.findLocalClass(ModuleClassLoader.java:328)
	at org.eclipse.osgi.internal.loader.BundleLoader.findLocalClass(BundleLoader.java:392)
	at org.eclipse.osgi.internal.loader.BundleLoader.findClassInternal(BundleLoader.java:470)
	at org.eclipse.osgi.internal.loader.BundleLoader.findClass(BundleLoader.java:419)
	at org.eclipse.osgi.internal.loader.BundleLoader.findClass(BundleLoader.java:411)
	at org.eclipse.osgi.internal.loader.ModuleClassLoader.loadClass(ModuleClassLoader.java:150)
	at java.lang.ClassLoader.loadClass(Unknown Source)
	at org.eclipse.osgi.internal.framework.EquinoxBundle.loadClass(EquinoxBundle.java:609)
	at org.eclipse.core.internal.registry.osgi.RegistryStrategyOSGI.createExecutableExtension(RegistryStrategyOSGI.java:177)
	at org.eclipse.core.internal.registry.ExtensionRegistry.createExecutableExtension(ExtensionRegistry.java:931)
	at org.eclipse.core.internal.registry.ConfigurationElement.createExecutableExtension(ConfigurationElement.java:243)
	at org.eclipse.core.internal.registry.ConfigurationElementHandle.createExecutableExtension(ConfigurationElementHandle.java:60)
	at org.eclipse.ui.internal.WorkbenchPlugin.lambda$0(WorkbenchPlugin.java:288)
	at org.eclipse.swt.custom.BusyIndicator.showWhile(BusyIndicator.java:54)
	at org.eclipse.ui.internal.WorkbenchPlugin.createExtension(WorkbenchPlugin.java:285)
	at org.eclipse.ui.internal.decorators.LightweightDecoratorDefinition$1.run(LightweightDecoratorDefinition.java:125)
	at org.eclipse.core.runtime.SafeRunner.run(SafeRunner.java:42)
	at org.eclipse.ui.internal.decorators.LightweightDecoratorDefinition.internalGetDecorator(LightweightDecoratorDefinition.java:120)
	at org.eclipse.ui.internal.decorators.LightweightDecoratorDefinition.decorate(LightweightDecoratorDefinition.java:242)
	at org.eclipse.ui.internal.decorators.LightweightDecoratorManager$LightweightRunnable.run(LightweightDecoratorManager.java:104)
	at org.eclipse.core.runtime.SafeRunner.run(SafeRunner.java:42)
	at org.eclipse.ui.internal.decorators.LightweightDecoratorManager.decorate(LightweightDecoratorManager.java:377)
	at org.eclipse.ui.internal.decorators.LightweightDecoratorManager.getDecorations(LightweightDecoratorManager.java:359)
	at org.eclipse.ui.internal.decorators.DecorationScheduler$1.ensureResultCached(DecorationScheduler.java:347)
	at org.eclipse.ui.internal.decorators.DecorationScheduler$1.run(DecorationScheduler.java:310)
	at org.eclipse.core.internal.jobs.Worker.run(Worker.java:60)
Caused by: com.cedarsoftware.util.io.JsonIoException: EOF reached prematurely
	at com.cedarsoftware.util.io.JsonParser.error(JsonParser.java:584)
	at com.cedarsoftware.util.io.JsonParser.readValue(JsonParser.java:278)
	at com.cedarsoftware.util.io.JsonReader.readObject(JsonReader.java:521)
	... 54 more
2019-05-15 09:49:44,307 ERROR [Worker-7: Decoration Calculation] - Statistics - Statistics file `C:\Users\s77265\.scalaide\statistics` is corrupted. A new one is being created. Corrupted content was:

com.cedarsoftware.util.io.JsonIoException: error parsing JSON value
	at com.cedarsoftware.util.io.JsonReader.readObject(JsonReader.java:529)
	at com.cedarsoftware.util.io.JsonReader.jsonToJava(JsonReader.java:289)
	at com.cedarsoftware.util.io.JsonReader.jsonToJava(JsonReader.java:262)
	at org.scalaide.core.internal.statistics.Statistics.org$scalaide$core$internal$statistics$Statistics$$read(Statistics.scala:74)
	at org.scalaide.core.internal.statistics.Statistics$$anonfun$readStats$1.apply(Statistics.scala:52)
	at org.scalaide.core.internal.statistics.Statistics$$anonfun$readStats$1.apply(Statistics.scala:51)
	at org.scalaide.core.ScalaIdeDataStore$$anonfun$validate$2.apply(ScalaIdeDataStore.scala:59)
	at org.scalaide.util.eclipse.EclipseUtils$$anon$3.run(EclipseUtils.scala:214)
	at org.eclipse.core.runtime.SafeRunner.run(SafeRunner.java:42)
	at org.scalaide.util.eclipse.EclipseUtils$.withSafeRunner(EclipseUtils.scala:210)
	at org.scalaide.core.ScalaIdeDataStore$.validate(ScalaIdeDataStore.scala:58)
	at org.scalaide.core.internal.statistics.Statistics.readStats(Statistics.scala:51)
	at org.scalaide.core.internal.statistics.Statistics.<init>(Statistics.scala:30)
	at org.scalaide.core.internal.ScalaPlugin.stats$lzycompute(ScalaPlugin.scala:135)
	at org.scalaide.core.internal.ScalaPlugin.stats(ScalaPlugin.scala:135)
	at org.scalaide.core.internal.ScalaPlugin.statistics(ScalaPlugin.scala:138)
	at org.scalaide.core.internal.ScalaPlugin.start(ScalaPlugin.scala:109)
	at org.eclipse.osgi.internal.framework.BundleContextImpl$3.run(BundleContextImpl.java:779)
	at org.eclipse.osgi.internal.framework.BundleContextImpl$3.run(BundleContextImpl.java:1)
	at java.security.AccessController.doPrivileged(Native Method)
	at org.eclipse.osgi.internal.framework.BundleContextImpl.startActivator(BundleContextImpl.java:772)
	at org.eclipse.osgi.internal.framework.BundleContextImpl.start(BundleContextImpl.java:729)
	at org.eclipse.osgi.internal.framework.EquinoxBundle.startWorker0(EquinoxBundle.java:1002)
	at org.eclipse.osgi.internal.framework.EquinoxBundle$EquinoxModule.startWorker(EquinoxBundle.java:354)
	at org.eclipse.osgi.container.Module.doStart(Module.java:581)
	at org.eclipse.osgi.container.Module.start(Module.java:449)
	at org.eclipse.osgi.framework.util.SecureAction.start(SecureAction.java:468)
	at org.eclipse.osgi.internal.hooks.EclipseLazyStarter.postFindLocalClass(EclipseLazyStarter.java:114)
	at org.eclipse.osgi.internal.loader.classpath.ClasspathManager.findLocalClass(ClasspathManager.java:505)
	at org.eclipse.osgi.internal.loader.ModuleClassLoader.findLocalClass(ModuleClassLoader.java:328)
	at org.eclipse.osgi.internal.loader.BundleLoader.findLocalClass(BundleLoader.java:392)
	at org.eclipse.osgi.internal.loader.BundleLoader.findClassInternal(BundleLoader.java:470)
	at org.eclipse.osgi.internal.loader.BundleLoader.findClass(BundleLoader.java:419)
	at org.eclipse.osgi.internal.loader.BundleLoader.findClass(BundleLoader.java:411)
	at org.eclipse.osgi.internal.loader.ModuleClassLoader.loadClass(ModuleClassLoader.java:150)
	at java.lang.ClassLoader.loadClass(Unknown Source)
	at org.eclipse.osgi.internal.framework.EquinoxBundle.loadClass(EquinoxBundle.java:609)
	at org.eclipse.core.internal.registry.osgi.RegistryStrategyOSGI.createExecutableExtension(RegistryStrategyOSGI.java:177)
	at org.eclipse.core.internal.registry.ExtensionRegistry.createExecutableExtension(ExtensionRegistry.java:931)
	at org.eclipse.core.internal.registry.ConfigurationElement.createExecutableExtension(ConfigurationElement.java:243)
	at org.eclipse.core.internal.registry.ConfigurationElementHandle.createExecutableExtension(ConfigurationElementHandle.java:60)
	at org.eclipse.ui.internal.WorkbenchPlugin.lambda$0(WorkbenchPlugin.java:288)
	at org.eclipse.swt.custom.BusyIndicator.showWhile(BusyIndicator.java:54)
	at org.eclipse.ui.internal.WorkbenchPlugin.createExtension(WorkbenchPlugin.java:285)
	at org.eclipse.ui.internal.decorators.LightweightDecoratorDefinition$1.run(LightweightDecoratorDefinition.java:125)
	at org.eclipse.core.runtime.SafeRunner.run(SafeRunner.java:42)
	at org.eclipse.ui.internal.decorators.LightweightDecoratorDefinition.internalGetDecorator(LightweightDecoratorDefinition.java:120)
	at org.eclipse.ui.internal.decorators.LightweightDecoratorDefinition.decorate(LightweightDecoratorDefinition.java:242)
	at org.eclipse.ui.internal.decorators.LightweightDecoratorManager$LightweightRunnable.run(LightweightDecoratorManager.java:104)
	at org.eclipse.core.runtime.SafeRunner.run(SafeRunner.java:42)
	at org.eclipse.ui.internal.decorators.LightweightDecoratorManager.decorate(LightweightDecoratorManager.java:377)
	at org.eclipse.ui.internal.decorators.LightweightDecoratorManager.getDecorations(LightweightDecoratorManager.java:359)
	at org.eclipse.ui.internal.decorators.DecorationScheduler$1.ensureResultCached(DecorationScheduler.java:347)
	at org.eclipse.ui.internal.decorators.DecorationScheduler$1.run(DecorationScheduler.java:310)
	at org.eclipse.core.internal.jobs.Worker.run(Worker.java:60)
Caused by: com.cedarsoftware.util.io.JsonIoException: EOF reached prematurely
	at com.cedarsoftware.util.io.JsonParser.error(JsonParser.java:584)
	at com.cedarsoftware.util.io.JsonParser.readValue(JsonParser.java:278)
	at com.cedarsoftware.util.io.JsonReader.readObject(JsonReader.java:521)
	... 54 more
2019-05-15 09:51:01,823 ERROR [Worker-11: Decoration Calculation] - System.err - Error redefining org.eclipse.pde.api.tools.ui.internal.JavaElementActionFilter
2019-05-15 09:51:01,824 ERROR [Worker-11: Decoration Calculation] - System.err - java.lang.instrument.UnmodifiableClassException: java.lang.NoClassDefFoundError: class names don't match
2019-05-15 09:51:01,824 ERROR [Worker-11: Decoration Calculation] - System.err - at org.eclipse.objectteams.internal.osgi.weaving.DelegatingTransformer$OTEquinoxRedefineStrategy.reflectivelyInvoke(DelegatingTransformer.java:142)
2019-05-15 09:51:01,824 ERROR [Worker-11: Decoration Calculation] - System.err - at org.eclipse.objectteams.internal.osgi.weaving.DelegatingTransformer$OTEquinoxRedefineStrategy.redefine(DelegatingTransformer.java:120)
2019-05-15 09:51:01,824 ERROR [Worker-11: Decoration Calculation] - System.err - at org.eclipse.objectteams.otredyn.bytecode.asm.AsmWritableBoundClass.redefine(AsmWritableBoundClass.java:375)
2019-05-15 09:51:01,824 ERROR [Worker-11: Decoration Calculation] - System.err - at org.eclipse.objectteams.otredyn.bytecode.asm.AsmWritableBoundClass.endTransformation(AsmWritableBoundClass.java:187)
2019-05-15 09:51:01,825 ERROR [Worker-11: Decoration Calculation] - System.err - at org.eclipse.objectteams.otredyn.bytecode.AbstractBoundClass.handleTaskList(AbstractBoundClass.java:879)
2019-05-15 09:51:01,825 ERROR [Worker-11: Decoration Calculation] - System.err - at org.eclipse.objectteams.otredyn.bytecode.AbstractBoundClass.transformAtLoadTime(AbstractBoundClass.java:383)
2019-05-15 09:51:01,825 ERROR [Worker-11: Decoration Calculation] - System.err - at org.eclipse.objectteams.otredyn.transformer.jplis.ObjectTeamsTransformer.transform(ObjectTeamsTransformer.java:120)
2019-05-15 09:51:01,825 ERROR [Worker-11: Decoration Calculation] - System.err - at org.eclipse.objectteams.internal.osgi.weaving.DelegatingTransformer$OTDRETransformer.transform(DelegatingTransformer.java:109)
2019-05-15 09:51:01,825 ERROR [Worker-11: Decoration Calculation] - System.err - at org.eclipse.objectteams.internal.osgi.weaving.OTWeavingHook.weave(OTWeavingHook.java:293)
2019-05-15 09:51:01,825 ERROR [Worker-11: Decoration Calculation] - System.err - at org.eclipse.osgi.internal.weaving.WovenClassImpl.call(WovenClassImpl.java:163)
2019-05-15 09:51:01,825 ERROR [Worker-11: Decoration Calculation] - System.err - at org.eclipse.osgi.internal.serviceregistry.ServiceRegistry.notifyHookPrivileged(ServiceRegistry.java:1298)
2019-05-15 09:51:01,825 ERROR [Worker-11: Decoration Calculation] - System.err - at org.eclipse.osgi.internal.serviceregistry.ServiceRegistry.notifyHooksPrivileged(ServiceRegistry.java:1278)
2019-05-15 09:51:01,825 ERROR [Worker-11: Decoration Calculation] - System.err - at org.eclipse.osgi.internal.weaving.WovenClassImpl.callHooks(WovenClassImpl.java:255)
2019-05-15 09:51:01,825 ERROR [Worker-11: Decoration Calculation] - System.err - at org.eclipse.osgi.internal.weaving.WeavingHookConfigurator.processClass(WeavingHookConfigurator.java:67)
2019-05-15 09:51:01,825 ERROR [Worker-11: Decoration Calculation] - System.err - at org.eclipse.osgi.internal.loader.classpath.ClasspathManager.processClass(ClasspathManager.java:651)
2019-05-15 09:51:01,825 ERROR [Worker-11: Decoration Calculation] - System.err - at org.eclipse.osgi.internal.loader.classpath.ClasspathManager.defineClass(ClasspathManager.java:622)
2019-05-15 09:51:01,825 ERROR [Worker-11: Decoration Calculation] - System.err - at org.eclipse.osgi.internal.loader.classpath.ClasspathManager.findClassImpl(ClasspathManager.java:555)
2019-05-15 09:51:01,825 ERROR [Worker-11: Decoration Calculation] - System.err - at org.eclipse.osgi.internal.loader.classpath.ClasspathManager.findLocalClassImpl(ClasspathManager.java:514)
2019-05-15 09:51:01,825 ERROR [Worker-11: Decoration Calculation] - System.err - at org.eclipse.osgi.internal.loader.classpath.ClasspathManager.findLocalClass(ClasspathManager.java:501)
2019-05-15 09:51:01,825 ERROR [Worker-11: Decoration Calculation] - System.err - at org.eclipse.osgi.internal.loader.ModuleClassLoader.findLocalClass(ModuleClassLoader.java:328)
2019-05-15 09:51:01,825 ERROR [Worker-11: Decoration Calculation] - System.err - at org.eclipse.osgi.internal.loader.BundleLoader.findLocalClass(BundleLoader.java:392)
2019-05-15 09:51:01,825 ERROR [Worker-11: Decoration Calculation] - System.err - at org.eclipse.osgi.internal.loader.BundleLoader.findClassInternal(BundleLoader.java:470)
2019-05-15 09:51:01,825 ERROR [Worker-11: Decoration Calculation] - System.err - at org.eclipse.osgi.internal.loader.BundleLoader.findClass(BundleLoader.java:419)
2019-05-15 09:51:01,825 ERROR [Worker-11: Decoration Calculation] - System.err - at org.eclipse.osgi.internal.loader.BundleLoader.findClass(BundleLoader.java:411)
2019-05-15 09:51:01,825 ERROR [Worker-11: Decoration Calculation] - System.err - at org.eclipse.osgi.internal.loader.ModuleClassLoader.loadClass(ModuleClassLoader.java:150)
2019-05-15 09:51:01,825 ERROR [Worker-11: Decoration Calculation] - System.err - at java.lang.ClassLoader.loadClass(Unknown Source)
2019-05-15 09:51:01,825 ERROR [Worker-11: Decoration Calculation] - System.err - at org.eclipse.pde.api.tools.ui.internal.ActionFilterAdapterFactory.getAdapter(ActionFilterAdapterFactory.java:30)
2019-05-15 09:51:01,825 ERROR [Worker-11: Decoration Calculation] - System.err - at org.eclipse.core.internal.runtime.AdapterManager.getAdapter(AdapterManager.java:295)
2019-05-15 09:51:01,825 ERROR [Worker-11: Decoration Calculation] - System.err - at org.eclipse.core.runtime.PlatformObject.getAdapter(PlatformObject.java:68)
2019-05-15 09:51:01,825 ERROR [Worker-11: Decoration Calculation] - System.err - at org.eclipse.core.runtime.Adapters.adapt(Adapters.java:59)
2019-05-15 09:51:01,825 ERROR [Worker-11: Decoration Calculation] - System.err - at org.eclipse.core.runtime.Adapters.adapt(Adapters.java:107)
2019-05-15 09:51:01,825 ERROR [Worker-11: Decoration Calculation] - System.err - at org.eclipse.ui.internal.ActionExpression$ObjectStateExpression.getActionFilter(ActionExpression.java:454)
2019-05-15 09:51:01,825 ERROR [Worker-11: Decoration Calculation] - System.err - at org.eclipse.ui.internal.ActionExpression$ObjectStateExpression.preciselyMatches(ActionExpression.java:506)
2019-05-15 09:51:01,825 ERROR [Worker-11: Decoration Calculation] - System.err - at org.eclipse.ui.internal.ActionExpression$ObjectStateExpression.isEnabledFor(ActionExpression.java:481)
2019-05-15 09:51:01,825 ERROR [Worker-11: Decoration Calculation] - System.err - at org.eclipse.ui.internal.ActionExpression$SingleExpression.isEnabledFor(ActionExpression.java:716)
2019-05-15 09:51:01,825 ERROR [Worker-11: Decoration Calculation] - System.err - at org.eclipse.ui.internal.ActionExpression.isEnabledFor(ActionExpression.java:1022)
2019-05-15 09:51:01,825 ERROR [Worker-11: Decoration Calculation] - System.err - at org.eclipse.ui.internal.decorators.DecoratorDefinition.isEnabledFor(DecoratorDefinition.java:302)
2019-05-15 09:51:01,825 ERROR [Worker-11: Decoration Calculation] - System.err - at org.eclipse.ui.internal.decorators.DecoratorManager.getDecoratorsFor(DecoratorManager.java:323)
2019-05-15 09:51:01,825 ERROR [Worker-11: Decoration Calculation] - System.err - at org.eclipse.ui.internal.decorators.LightweightDecoratorManager._OT$callOrig(LightweightDecoratorManager.java:333)
2019-05-15 09:51:01,825 ERROR [Worker-11: Decoration Calculation] - System.err - at org.objectteams.Team._OT$terminalCallNext(Team.java:598)
2019-05-15 09:51:01,825 ERROR [Worker-11: Decoration Calculation] - System.err - at org.objectteams.Team._OT$callNext(Team.java:582)
2019-05-15 09:51:01,825 ERROR [Worker-11: Decoration Calculation] - System.err - at org.eclipse.objectteams.otdt.internal.ui.viewsupport.DecoratorManagerAdaptor._OT$callNext(DecoratorManagerAdaptor.java:36)
2019-05-15 09:51:01,825 ERROR [Worker-11: Decoration Calculation] - System.err - at org.eclipse.objectteams.otdt.internal.ui.viewsupport.DecoratorManagerAdaptor$__OT__DecorationManager.getDecoratorsFor(DecoratorManagerAdaptor.java:47)
2019-05-15 09:51:01,825 ERROR [Worker-11: Decoration Calculation] - System.err - at org.eclipse.objectteams.otdt.internal.ui.viewsupport.DecoratorManagerAdaptor._OT$callReplace(DecoratorManagerAdaptor.java:43)
2019-05-15 09:51:01,826 ERROR [Worker-11: Decoration Calculation] - System.err - at org.objectteams.Team._OT$callAllBindings(Team.java:557)
2019-05-15 09:51:01,826 ERROR [Worker-11: Decoration Calculation] - System.err - at org.eclipse.ui.internal.decorators.LightweightDecoratorManager.callAllBindings(LightweightDecoratorManager.java)
2019-05-15 09:51:01,826 ERROR [Worker-11: Decoration Calculation] - System.err - at org.eclipse.ui.internal.decorators.LightweightDecoratorManager.getDecoratorsFor(LightweightDecoratorManager.java)
2019-05-15 09:51:01,826 ERROR [Worker-11: Decoration Calculation] - System.err - at org.eclipse.ui.internal.decorators.LightweightDecoratorManager.getDecorations(LightweightDecoratorManager.java:357)
2019-05-15 09:51:01,826 ERROR [Worker-11: Decoration Calculation] - System.err - at org.eclipse.ui.internal.decorators.DecorationScheduler$1.ensureResultCached(DecorationScheduler.java:347)
2019-05-15 09:51:01,826 ERROR [Worker-11: Decoration Calculation] - System.err - at org.eclipse.ui.internal.decorators.DecorationScheduler$1.run(DecorationScheduler.java:310)
2019-05-15 09:51:01,826 ERROR [Worker-11: Decoration Calculation] - System.err - at org.eclipse.core.internal.jobs.Worker.run(Worker.java:60)
